<?xml version="1.0" encoding="UTF-8" ?>
<testsuites errors="1"
            failures="1"
            tests="2">

  <testsuite name="rastSound"
    errors="1" failures="1" hostname="" id="" package="rastSound" skipped="1"
    tests="2" time="121.2" timestamp="">
  
    <testcase name="Getting to Sign in" classname="rastSound" time="61.14" assertions="2">

    

    
      <error message="An error occurred while running .click() command on &lt;Element [name=@accountLogInButton]&gt;: " type="error">TimeoutError: An error occurred while running .click() command on &lt;Element [name=@accountLogInButton]&gt;: 
    at Function.getError (/usr/local/lib/node_modules/nightwatch/lib/utils/periodic-promise.js:157:12)
    at PeriodicPromise.perform (/usr/local/lib/node_modules/nightwatch/lib/utils/periodic-promise.js:109:27)
    at processTicksAndRejections (internal/process/task_queues.js:97:5)
    at async PeriodicPromise.runAction (/usr/local/lib/node_modules/nightwatch/lib/utils/periodic-promise.js:48:22)
    at async PeriodicPromise.runAction (/usr/local/lib/node_modules/nightwatch/lib/utils/periodic-promise.js:51:16)</error>
    
    </testcase>
  
    <testcase name="Signing In" classname="rastSound" time="60.01" assertions="1">  <failure message="Timed out while waiting for element &lt;(//input[@class=&#34;elementor-field elementor-field-textual elementor-size-sm&#34;])[1]&gt; to be present for 5000 milliseconds. - expected [0;32m&#34;found&#34;[0m but got: [0;31m&#34;not found&#34;[0m [0;90m(60006ms)[0m">    at Object.Signing In (/Users/kurropike/Documents/qadevmtn 10.31.58 AM/practice-automation/tests/rastSound.js:26:10)</failure>

    
    </testcase>
  

  
    <system-err>
      [0;31m  TimeoutError: An error occurred while running .click() command on &lt;Element [name=@accountLogInButton]&gt;: 
   {&#34;status&#34;:-1,&#34;state&#34;:&#34;&#34;,&#34;value&#34;:null,&#34;errorStatus&#34;:&#34;&#34;,&#34;error&#34;:&#34;An unknown error has occurred.&#34;}[0m
[0;90m       at processTicksAndRejections (internal/process/task_queues.js:97:5)[0m
    </system-err>
  

  
    
    <testcase
      name="Selecting products and adding them to cart" classname="rastSound">
      <skipped />
    </testcase>
    
  
  </testsuite>
</testsuites>
