<?xml version="1.0" encoding="UTF-8" ?>
<testsuites errors="0"
            failures="1"
            tests="1">

  <testsuite name="google"
    errors="0" failures="1" hostname="" id="" package="google" skipped="0"
    tests="1" time="9.905" timestamp="">
  
    <testcase name="Searching Google" classname="google" time="9.905" assertions="2">

      <failure message="Testing if element [0;33m&lt;Element [name=@results]&gt;[0m contains text [0;33m&#39;HAHAHAHAHAHAHAHAHAHAHAHAHAHAHAHAHAHAHAHAHAHAHAHAHHAHAHAHAHAHAHHAHAHAHAHAHHAHAHAHAHAHAHAHAHAHAHAHAHAHAHAHAHAHHAHAHAH&#39;[0m in 5000ms - expected [0;32m&#34;contains text &#39;HAHAHAHAHAHAHAHAHAHAHAHAHAHAHAHAHAHAHAHAHAHAHAHAHHAHAHAHAHAHAHHAHAHAHAHAHHAHAHAHAHAHAHAHAHAHAHAHAHAHAHAHAHAHHAHAHAH&#39;&#34;[0m but got: [0;31m&#34;does not contain &#39;HAHAHAHAHAHAHAHAHAHAHAHAHAHAHAHAHAHAHAHAHAHAHAHAHHAHAHAHAHAHAHHAHAHAHAHAHHAHAHAHAHAHAHAHAHAHAHAHAHAHAHAHAHAHHAHAHAH&#39;&#34;[0m [0;90m(5454ms)[0m">    at pineapple (/Users/admin/qadevmtn/practice-automation/tests/google.js:17:25)
    at Object.Searching Google (/Users/admin/qadevmtn/practice-automation/tests/google.js:23:8)</failure>

    
      <failure message="    at pineapple (/Users/admin/qadevmtn/practice-automation/tests/google.js:17:25)">    at Object.Searching Google (/Users/admin/qadevmtn/practice-automation/tests/google.js:23:8)</failure>
    </testcase>
  

  

  
  </testsuite>
</testsuites>
